<?xml version="1.0" encoding="UTF-8"?>
<!-- Generated by org.testng.reporters.JUnitReportReporter -->
<testsuite skipped="0" hostname="DIN19000325" name="ega.org.ega.tutorial1" tests="1" failures="0" timestamp="29 May 2019 06:07:08 GMT" time="26.424" errors="0">
  <testcase name="ebay" time="26.424" classname="ega.org.ega.tutorial1"/>
</testsuite> <!-- ega.org.ega.tutorial1 -->
