<?xml version="1.0" encoding="UTF-8"?>
<!-- Generated by org.testng.reporters.JUnitReportReporter -->
<testsuite skipped="0" hostname="DIN19000325" name="ega.org.ega.ConvertStringToChar" tests="1" failures="0" timestamp="31 May 2019 06:50:29 GMT" time="0.009" errors="0">
  <testcase name="EgOfConvertStringToChar" time="0.009" classname="ega.org.ega.ConvertStringToChar"/>
</testsuite> <!-- ega.org.ega.ConvertStringToChar -->
