<?xml version="1.0" encoding="UTF-8"?>
<!-- Generated by org.testng.reporters.JUnitReportReporter -->
<testsuite skipped="0" hostname="DIN19000325" name="ega.org.ega.NewTest" tests="1" failures="0" timestamp="31 May 2019 06:43:38 GMT" time="0.010" errors="0">
  <testcase name="f" time="0.010" classname="ega.org.ega.NewTest"/>
</testsuite> <!-- ega.org.ega.NewTest -->
