<?xml version="1.0" encoding="UTF-8"?>
<!-- Generated by org.testng.reporters.JUnitReportReporter -->
<testsuite skipped="0" hostname="DIN19000325" name="ega.org.ega.eg1" tests="1" failures="0" timestamp="14 May 2019 05:20:05 GMT" time="0.011" errors="0">
  <testcase name="tc" time="0.011" classname="ega.org.ega.eg1"/>
</testsuite> <!-- ega.org.ega.eg1 -->
